000 (1070.000.000) 2024-12-16 14:39:21 Job submitted from host: <10.255.255.254:9618?addrs=10.255.255.254-9618&alias=Uvs-Nuur.aquaveo.local&noUDP&sock=schedd_45590_86c6>
    DAG Node: run_test
...
001 (1070.000.000) 2024-12-16 14:39:27 Job executing on host: <10.255.255.254:9618?addrs=10.255.255.254-9618&alias=Uvs-Nuur.aquaveo.local&noUDP&sock=startd_45590_86c6>
	SlotName: slot1_1@Uvs-Nuur.aquaveo.local
	CondorScratchDir = "/var/lib/condor/execute/dir_1635624"
	Cpus = 1
	Disk = 2048
	GPUs = 0
	Memory = 128
...
005 (1070.000.000) 2024-12-16 14:39:28 Job terminated.
	(1) Normal termination (return value 0)
		Usr 0 00:00:00, Sys 0 00:00:00  -  Run Remote Usage
		Usr 0 00:00:00, Sys 0 00:00:00  -  Run Local Usage
		Usr 0 00:00:00, Sys 0 00:00:00  -  Total Remote Usage
		Usr 0 00:00:00, Sys 0 00:00:00  -  Total Local Usage
	10295  -  Run Bytes Sent By Job
	4933  -  Run Bytes Received By Job
	10295  -  Total Bytes Sent By Job
	4933  -  Total Bytes Received By Job
	Partitionable Resources :    Usage  Request Allocated 
	   Cpus                 :        0        1         1 
	   Disk (KB)            :       31       10      2048 
	   GPUs                 :                           0 
	   Memory (MB)          :        5        1       128 
	   TimeExecute (s)      :        1                    
	   TimeSlotBusy (s)     :        2                    

	Job terminated of its own accord at 2024-12-16T21:39:28Z with exit-code 0.
...
000 (1071.000.000) 2024-12-16 14:39:37 Job submitted from host: <10.255.255.254:9618?addrs=10.255.255.254-9618&alias=Uvs-Nuur.aquaveo.local&noUDP&sock=schedd_45590_86c6>
    DAG Node: post_processing
...
001 (1071.000.000) 2024-12-16 14:39:38 Job executing on host: <10.255.255.254:9618?addrs=10.255.255.254-9618&alias=Uvs-Nuur.aquaveo.local&noUDP&sock=startd_45590_86c6>
	SlotName: slot1_1@Uvs-Nuur.aquaveo.local
	CondorScratchDir = "/var/lib/condor/execute/dir_1636113"
	Cpus = 1
	Disk = 2048
	GPUs = 0
	Memory = 128
...
005 (1071.000.000) 2024-12-16 14:39:39 Job terminated.
	(1) Normal termination (return value 0)
		Usr 0 00:00:00, Sys 0 00:00:00  -  Run Remote Usage
		Usr 0 00:00:00, Sys 0 00:00:00  -  Run Local Usage
		Usr 0 00:00:00, Sys 0 00:00:00  -  Total Remote Usage
		Usr 0 00:00:00, Sys 0 00:00:00  -  Total Local Usage
	9852  -  Run Bytes Sent By Job
	7510  -  Run Bytes Received By Job
	9852  -  Total Bytes Sent By Job
	7510  -  Total Bytes Received By Job
	Partitionable Resources :    Usage  Request Allocated 
	   Cpus                 :        0        1         1 
	   Disk (KB)            :       34       10      2048 
	   GPUs                 :                           0 
	   Memory (MB)          :        5        1       128 
	   TimeExecute (s)      :        1                    
	   TimeSlotBusy (s)     :        2                    

	Job terminated of its own accord at 2024-12-16T21:39:39Z with exit-code 0.
...
000 (1072.000.000) 2024-12-16 14:39:47 Job submitted from host: <10.255.255.254:9618?addrs=10.255.255.254-9618&alias=Uvs-Nuur.aquaveo.local&noUDP&sock=schedd_45590_86c6>
    DAG Node: finalize
...
001 (1072.000.000) 2024-12-16 14:39:48 Job executing on host: <10.255.255.254:9618?addrs=10.255.255.254-9618&alias=Uvs-Nuur.aquaveo.local&noUDP&sock=startd_45590_86c6>
	SlotName: slot1_1@Uvs-Nuur.aquaveo.local
	CondorScratchDir = "/var/lib/condor/execute/dir_1636317"
	Cpus = 1
	Disk = 2048
	GPUs = 0
	Memory = 128
...
005 (1072.000.000) 2024-12-16 14:39:49 Job terminated.
	(1) Normal termination (return value 0)
		Usr 0 00:00:00, Sys 0 00:00:00  -  Run Remote Usage
		Usr 0 00:00:00, Sys 0 00:00:00  -  Run Local Usage
		Usr 0 00:00:00, Sys 0 00:00:00  -  Total Remote Usage
		Usr 0 00:00:00, Sys 0 00:00:00  -  Total Local Usage
	7608  -  Run Bytes Sent By Job
	4068  -  Run Bytes Received By Job
	7608  -  Total Bytes Sent By Job
	4068  -  Total Bytes Received By Job
	Partitionable Resources :    Usage  Request Allocated 
	   Cpus                 :        0        1         1 
	   Disk (KB)            :       28        5      2048 
	   GPUs                 :                           0 
	   Memory (MB)          :        5        1       128 
	   TimeExecute (s)      :        1                    
	   TimeSlotBusy (s)     :        2                    

	Job terminated of its own accord at 2024-12-16T21:39:49Z with exit-code 0.
...
